<?xml version="1.0" encoding="UTF-8"?>
<beans xmlns:xsi="http://www.w3.org/2001/XMLSchema-instance"
       xmlns:context="http://www.springframework.org/schema/context"
       xmlns="http://www.springframework.org/schema/beans"

       xsi:schemaLocation="http://www.springframework.org/schema/beans
        http://www.springframework.org/schema/beans/spring-beans.xsd

            http://www.springframework.org/schema/context http://www.springframework.org/schema/context/spring-context.xsd">

    <context:component-scan base-package="by.itacademy.dao"/>
    <!--<context:component-scan base-package="by.itacademy.service"/>-->
    <bean id="dataSource" class="org.apache.commons.dbcp2.BasicDataSource">
        <property name="url"
                  value="jdbc:h2:mem:kr"/>
        <property name="driverClassName" value="org.h2.Driver"/>
        <property name="initialSize" value="5"/>
        <property name="maxTotal" value="20"/>
    </bean>

    <bean id="entityManagerFactory" class="org.springframework.orm.jpa.LocalContainerEntityManagerFactoryBean">
        <property name="dataSource" ref="dataSource"/>
        <property name="persistenceUnitName" value="jpa-unit"/>
        <property name="jpaVendorAdapter">
            <bean class="org.springframework.orm.jpa.vendor.HibernateJpaVendorAdapter"/>
        </property>
        <property name="packagesToScan">
            <list>
                <value>by.itacademy.entities</value>
            </list>
        </property>
        <property name="jpaProperties">
            <props>
                <prop key="hibernate.dialect">org.hibernate.dialect.MySQL55Dialect</prop>
                <prop key="hibernate.show_sql">true</prop>
                <prop key="hibernate.format_sql">true</prop>
                <prop key="hibernate.hbm2ddl.auto">create-drop</prop>
            </props>
        </property>
    </bean>
    <!--<bean id="transactionTemplate" class="org.springframework.transaction.support.TransactionTemplate">-->
    <!--<property name="transactionManager" ref="txManager"/>-->
    <!--</bean>-->
    <bean id="txManager" class="org.springframework.orm.jpa.JpaTransactionManager">
        <property name="entityManagerFactory" ref="entityManagerFactory"/>
    </bean>
    <!--<tx:advice id="txAdvice" transaction-manager="txManager">-->
    <!--<tx:attributes>-->
    <!--<tx:method name="*"/>-->
    <!--<tx:method name="get*" propagation="SUPPORTS" read-only="true"/>-->
    <!--</tx:attributes>-->
    <!--</tx:advice>-->
    <!--<tx:annotation-driven transaction-manager="txManager" proxy-target-class="true"/>-->
    <!--<aop:config>-->
    <!--<aop:advisor pointcut="execution(* by.itacademy.service.Service.*(..))" advice-ref="txAdvice"/>-->
    <!--</aop:config>-->
</beans>

